---------------------------STACK DUMP---------------------------
IN FILE:shablon_stack.cpp   
LINE:12   
FUNC:int main() 
^
|

----------------------------------------------------------------
                      TYPE OF STACK: int

----------------------------------------------------------------
              ADDRESS OF SH_STACK STRUCT: 0x57febd7cf2b0
           ADDRESS OF SH_STACK_MASSIVE STRUCT: 0x57febd7cfef0

----------------------------------------------------------------
LEFT  STRUCT CANAREYKA: 1488
RIGHT STRUCT CANAREYKA: 322
                        SIZE OF STACK: 2
                      CAPACITY OF STACK: 10

------------------------ELEMENTS OF STACK-----------------------
 1 ELEMENT: 0xB3 0x5D 0xAF 0x5C 
 2 ELEMENT: 0x01 0x00 0x00 0x00 
 3 ELEMENT: 0x02 0x00 0x00 0x00 
 4 ELEMENT: 0x57 0xB9 0xB5 0x69 
 5 ELEMENT: 0x57 0xB9 0xB5 0x69 
 6 ELEMENT: 0x57 0xB9 0xB5 0x69 
 7 ELEMENT: 0x57 0xB9 0xB5 0x69 
 8 ELEMENT: 0x57 0xB9 0xB5 0x69 
 9 ELEMENT: 0x57 0xB9 0xB5 0x69 
10 ELEMENT: 0x57 0xB9 0xB5 0x69 
11 ELEMENT: 0x57 0xB9 0xB5 0x69 
12 ELEMENT: 0xB3 0x5D 0xAB 0x5C 

----------------------------------------------------------------
                        COUNT OF ERRORS: 1

--------------------------LIST OF ERROR-------------------------
ERROR 1: NOT_ERROR

----------------------------------------------------------------
-------------------------STACK DUMP END-------------------------
---------------------------STACK DUMP---------------------------
IN FILE:shablon_stack.cpp   
LINE:13   
FUNC:int main() 
^
|

----------------------------------------------------------------
                      TYPE OF STACK: int

----------------------------------------------------------------
              ADDRESS OF SH_STACK STRUCT: 0x57febd7cf2b0
           ADDRESS OF SH_STACK_MASSIVE STRUCT: 0x57febd7cfef0

----------------------------------------------------------------
LEFT  STRUCT CANAREYKA: 1488
RIGHT STRUCT CANAREYKA: 322
                        SIZE OF STACK: 2
                      CAPACITY OF STACK: 10

------------------------ELEMENTS OF STACK-----------------------
 1 ELEMENT: 0xB3 0x5D 0xAF 0x5C 
 2 ELEMENT: 0x01 0x00 0x00 0x00 
 3 ELEMENT: 0x02 0x00 0x00 0x00 
 4 ELEMENT: 0x57 0xB9 0xB5 0x69 
 5 ELEMENT: 0x57 0xB9 0xB5 0x69 
 6 ELEMENT: 0x57 0xB9 0xB5 0x69 
 7 ELEMENT: 0x57 0xB9 0xB5 0x69 
 8 ELEMENT: 0x57 0xB9 0xB5 0x69 
 9 ELEMENT: 0x57 0xB9 0xB5 0x69 
10 ELEMENT: 0x57 0xB9 0xB5 0x69 
11 ELEMENT: 0x57 0xB9 0xB5 0x69 
12 ELEMENT: 0xB3 0x5D 0xAB 0x5C 

----------------------------------------------------------------
                        COUNT OF ERRORS: 1

--------------------------LIST OF ERROR-------------------------
ERROR 1: NOT_ERROR

----------------------------------------------------------------
-------------------------STACK DUMP END-------------------------
---------------------------STACK DUMP---------------------------
IN FILE:shablon_stack.cpp   
LINE:12   
FUNC:int main() 
^
|

----------------------------------------------------------------
                      TYPE OF STACK: int

----------------------------------------------------------------
              ADDRESS OF SH_STACK STRUCT: 0x64369b1d22b0
           ADDRESS OF SH_STACK_MASSIVE STRUCT: 0x64369b1d2ef0

----------------------------------------------------------------
LEFT  STRUCT CANAREYKA: 1488
RIGHT STRUCT CANAREYKA: 322
                        SIZE OF STACK: 2
                      CAPACITY OF STACK: 10

------------------------ELEMENTS OF STACK-----------------------
 1 ELEMENT: 0xB3 0x5D 0xAF 0x5C 
 2 ELEMENT: 0x01 0x00 0x00 0x00 
 3 ELEMENT: 0x02 0x00 0x00 0x00 
 4 ELEMENT: 0x57 0xB9 0xB5 0x69 
 5 ELEMENT: 0x57 0xB9 0xB5 0x69 
 6 ELEMENT: 0x57 0xB9 0xB5 0x69 
 7 ELEMENT: 0x57 0xB9 0xB5 0x69 
 8 ELEMENT: 0x57 0xB9 0xB5 0x69 
 9 ELEMENT: 0x57 0xB9 0xB5 0x69 
10 ELEMENT: 0x57 0xB9 0xB5 0x69 
11 ELEMENT: 0x57 0xB9 0xB5 0x69 
12 ELEMENT: 0xB3 0x5D 0xAB 0x5C 

----------------------------------------------------------------
                        COUNT OF ERRORS: 1

--------------------------LIST OF ERROR-------------------------
ERROR 1: NOT_ERROR

----------------------------------------------------------------
-------------------------STACK DUMP END-------------------------
---------------------------STACK DUMP---------------------------
IN FILE:shablon_stack.cpp   
LINE:13   
FUNC:int main() 
^
|

----------------------------------------------------------------
                      TYPE OF STACK: int

----------------------------------------------------------------
              ADDRESS OF SH_STACK STRUCT: 0x64369b1d22b0
           ADDRESS OF SH_STACK_MASSIVE STRUCT: 0x64369b1d2ef0

----------------------------------------------------------------
LEFT  STRUCT CANAREYKA: 1488
RIGHT STRUCT CANAREYKA: 322
                        SIZE OF STACK: 2
                      CAPACITY OF STACK: 10

------------------------ELEMENTS OF STACK-----------------------
 1 ELEMENT: 0xB3 0x5D 0xAF 0x5C 
 2 ELEMENT: 0x01 0x00 0x00 0x00 
 3 ELEMENT: 0x02 0x00 0x00 0x00 
 4 ELEMENT: 0x57 0xB9 0xB5 0x69 
 5 ELEMENT: 0x57 0xB9 0xB5 0x69 
 6 ELEMENT: 0x57 0xB9 0xB5 0x69 
 7 ELEMENT: 0x57 0xB9 0xB5 0x69 
 8 ELEMENT: 0x57 0xB9 0xB5 0x69 
 9 ELEMENT: 0x57 0xB9 0xB5 0x69 
10 ELEMENT: 0x57 0xB9 0xB5 0x69 
11 ELEMENT: 0x57 0xB9 0xB5 0x69 
12 ELEMENT: 0xB3 0x5D 0xAB 0x5C 

----------------------------------------------------------------
                        COUNT OF ERRORS: 1

--------------------------LIST OF ERROR-------------------------
ERROR 1: NOT_ERROR

----------------------------------------------------------------
-------------------------STACK DUMP END-------------------------
